2025-09-27 11:38:17 -- Array
(
)

2025-09-27 11:38:17 -- Array
(
)

2025-09-27 11:38:18 -- Array
(
)

2025-09-27 11:38:46 -- Array
(
)

2025-09-27 11:39:57 -- Array
(
)

2025-09-27 11:42:10 -- Array
(
)

2025-09-27 11:44:01 -- Array
(
)

2025-09-27 11:44:02 -- Array
(
)

2025-09-27 11:44:03 -- Array
(
)

2025-09-27 11:48:20 -- Array
(
)

2025-09-27 11:48:23 -- Array
(
)

2025-09-27 11:48:32 -- Array
(
    [course_id] => 1
    [teacher_id] => 5
    [day] => Tuesday
    [time] => 11:30-12:20
    [room] => 202
)

2025-09-27 11:48:33 -- Array
(
    [course_id] => 1
    [teacher_id] => 5
    [day] => Tuesday
    [time] => 11:30-12:20
    [room] => 202
)

2025-09-27 11:48:33 -- Array
(
    [course_id] => 1
    [teacher_id] => 5
    [day] => Tuesday
    [time] => 11:30-12:20
    [room] => 202
)

2025-09-27 11:50:48 -- Array
(
)

2025-09-27 11:50:49 -- Array
(
)

2025-09-27 11:50:50 -- Array
(
)

2025-09-27 11:51:03 -- Array
(
    [course_id] => 2
    [teacher_id] => 5
    [day] => Wednesday
    [time] => 12:30-01:00
    [room] => 202
)

2025-09-27 11:51:03 -- Array
(
    [course_id] => 2
    [teacher_id] => 5
    [day] => Wednesday
    [time] => 12:30-01:00
    [room] => 202
)

2025-09-27 11:51:03 -- Array
(
    [course_id] => 2
    [teacher_id] => 5
    [day] => Wednesday
    [time] => 12:30-01:00
    [room] => 202
)

2025-09-27 11:51:03 -- Array
(
    [course_id] => 2
    [teacher_id] => 5
    [day] => Wednesday
    [time] => 12:30-01:00
    [room] => 202
)

2025-09-27 11:51:04 -- Array
(
    [course_id] => 2
    [teacher_id] => 5
    [day] => Wednesday
    [time] => 12:30-01:00
    [room] => 202
)

2025-09-27 12:02:03 -- Array
(
)

2025-09-27 12:02:03 -- Array
(
)

2025-09-27 12:02:37 -- Array
(
)

